Using pre-set license
Built from '2021.1/release' branch; Version is '2021.1.0f1 (61a549675243) revision 6399305'; Using compiler version '192528614'; Build Type 'Release'
OS: 'Windows 10 Home; OS build 19041.928; Version 2004; 64bit' Language: 'en' Physical Memory: 12055 MB
BatchMode: 1, IsHumanControllingUs: 0, StartBugReporterOnCrash: 0, Is64bit: 1, IsPro: 0

 COMMAND LINE ARGUMENTS:
C:\Program Files\Unity\Hub\Editor\2021.1.0f1\Editor\Unity.exe
-adb2
-batchMode
-noUpm
-name
AssetImportWorker0
-projectPath
C:/Users/65975/Downloads/Unity Projects/Battle Royale
-logFile
Logs/AssetImportWorker0.log
-srvPort
58954
Successfully changed project path to: C:/Users/65975/Downloads/Unity Projects/Battle Royale
C:/Users/65975/Downloads/Unity Projects/Battle Royale
Using Asset Import Pipeline V2.
Refreshing native plugins compatible for Editor in 128.59 ms, found 1 plugins.
Preloading 0 native plugins for Editor in 0.00 ms.
Initialize engine version: 2021.1.0f1 (61a549675243)
[Subsystems] Discovering subsystems at path C:/Program Files/Unity/Hub/Editor/2021.1.0f1/Editor/Data/Resources/UnitySubsystems
[Subsystems] Discovering subsystems at path C:/Users/65975/Downloads/Unity Projects/Battle Royale/Assets
GfxDevice: creating device client; threaded=0; jobified=0
Direct3D:
    Version:  Direct3D 11.0 [level 11.1]
    Renderer: Intel(R) UHD Graphics (ID=0x8a56)
    Vendor:   Intel
    VRAM:     6027 MB
    Driver:   26.20.100.7870
Initialize mono
Mono path[0] = 'C:/Program Files/Unity/Hub/Editor/2021.1.0f1/Editor/Data/Managed'
Mono path[1] = 'C:/Program Files/Unity/Hub/Editor/2021.1.0f1/Editor/Data/MonoBleedingEdge/lib/mono/unityjit'
Mono config path = 'C:/Program Files/Unity/Hub/Editor/2021.1.0f1/Editor/Data/MonoBleedingEdge/etc'
Using monoOptions --debugger-agent=transport=dt_socket,embedding=1,server=y,suspend=n,address=127.0.0.1:56644
Begin MonoManager ReloadAssembly
Registering precompiled unity dll's ...
Register platform support module: C:/Program Files/Unity/Hub/Editor/2021.1.0f1/Editor/Data/PlaybackEngines/WindowsStandaloneSupport/UnityEditor.WindowsStandalone.Extensions.dll
Registered in 0.007338 seconds.
Native extension for WindowsStandalone target not found
Refreshing native plugins compatible for Editor in 200.82 ms, found 1 plugins.
Preloading 0 native plugins for Editor in 0.00 ms.
Mono: successfully reloaded assembly
- Completed reload, in  2.599 seconds
Platform modules already initialized, skipping
Registering precompiled user dll's ...
Registered in 0.005375 seconds.
Begin MonoManager ReloadAssembly
Native extension for WindowsStandalone target not found
Refreshing native plugins compatible for Editor in 0.89 ms, found 1 plugins.
Preloading 0 native plugins for Editor in 0.00 ms.
Mono: successfully reloaded assembly
- Completed reload, in  2.080 seconds
Platform modules already initialized, skipping
========================================================================
Worker process is ready to serve import requests
Launched and connected shader compiler UnityShaderCompiler.exe after 0.08 seconds
Refreshing native plugins compatible for Editor in 0.50 ms, found 1 plugins.
Preloading 0 native plugins for Editor in 0.00 ms.
Unloading 2834 Unused Serialized files (Serialized files now loaded: 0)
System memory in use before: 108.7 MB.
System memory in use after: 108.9 MB.

Unloading 19 unused Assets to reduce memory usage. Loaded Objects now: 3291.
Total: 2.943100 ms (FindLiveObjects: 0.239800 ms CreateObjectMapping: 0.180200 ms MarkObjects: 2.422400 ms  DeleteObjects: 0.099100 ms)

========================================================================
Received Import Request.
  path: Assets/Photon Unity Networking/Resources/PhotonServerSettings.asset
  artifactKey: Guid(a69d7098f92a03e4b9fbf62679f1a441) Importer(815301076,1909f56bfc062723c751e8b465ee728b)
Start importing Assets/Photon Unity Networking/Resources/PhotonServerSettings.asset using Guid(a69d7098f92a03e4b9fbf62679f1a441) Importer(815301076,1909f56bfc062723c751e8b465ee728b)  -> (artifact id: '4656383dddc61aa58bffb07fe25af43a') in 0.046080 seconds 
========================================================================
Received Import Request.
  Time since last request: 131.011401 seconds.
  path: Assets/Photon Unity Networking
  artifactKey: Guid(2d7b37eac5499e74d921c6a4f1fb36d6) Importer(815301076,1909f56bfc062723c751e8b465ee728b)
Start importing Assets/Photon Unity Networking using Guid(2d7b37eac5499e74d921c6a4f1fb36d6) Importer(815301076,1909f56bfc062723c751e8b465ee728b)  -> (artifact id: 'a1e368a644efaea380c44033071faaea') in 0.017509 seconds 
========================================================================
Received Import Request.
  Time since last request: 0.273964 seconds.
  path: Assets/Photon Unity Networking/PhotonCloud-icon.png
  artifactKey: Guid(8425b95fef16c3f4194e3a20e245cb67) Importer(815301076,1909f56bfc062723c751e8b465ee728b)
Start importing Assets/Photon Unity Networking/PhotonCloud-icon.png using Guid(8425b95fef16c3f4194e3a20e245cb67) Importer(815301076,1909f56bfc062723c751e8b465ee728b)  -> (artifact id: 'b1caa60a7f25634a3500e9c7e488493a') in 0.166452 seconds 
========================================================================
Received Import Request.
  Time since last request: 0.000619 seconds.
  path: Assets/Photon Unity Networking/PunIcon-White-128.png
  artifactKey: Guid(e1e27211415083e41bd38b51da93f58b) Importer(815301076,1909f56bfc062723c751e8b465ee728b)
Start importing Assets/Photon Unity Networking/PunIcon-White-128.png using Guid(e1e27211415083e41bd38b51da93f58b) Importer(815301076,1909f56bfc062723c751e8b465ee728b)  -> (artifact id: 'db74f0ad27b8d0fd47f7a0325189491b') in 0.031481 seconds 
========================================================================
Received Import Request.
  Time since last request: 0.002226 seconds.
  path: Assets/Photon Unity Networking/link.xml
  artifactKey: Guid(cecd4a32eba31cd4393c185e20824bfc) Importer(815301076,1909f56bfc062723c751e8b465ee728b)
Start importing Assets/Photon Unity Networking/link.xml using Guid(cecd4a32eba31cd4393c185e20824bfc) Importer(815301076,1909f56bfc062723c751e8b465ee728b)  -> (artifact id: '285a6232742ab9aab1f2ab7076795fdc') in 0.024536 seconds 
AssetImportWorkerClient::OnTransportError - code=2 error=End of file
